/bin/sh: 1: /home/lxb/Disk_SSD/projects/ai-paper-digest/refresh_database.sh: Permission denied
On branch master
Your branch is up to date with 'origin/master'.

nothing to commit, working tree clean
Everything up-to-date
[master 8b66e43] refresh database 2025-02-24 03:00:01
 1 file changed, 5 insertions(+)
To github.com:haoheliu/ai-paper-digest.git
   4041a58..8b66e43  master -> master
[master 5493c7a] refresh database 2025-02-24 04:00:01
 1 file changed, 4 insertions(+)
To github.com:haoheliu/ai-paper-digest.git
   8b66e43..5493c7a  master -> master
[master 5b4550e] refresh database 2025-02-24 05:00:01
 1 file changed, 4 insertions(+)
To github.com:haoheliu/ai-paper-digest.git
   5493c7a..5b4550e  master -> master
[master 1c57b9a] refresh database 2025-02-24 06:00:01
 1 file changed, 4 insertions(+)
To github.com:haoheliu/ai-paper-digest.git
   5b4550e..1c57b9a  master -> master
[master da491a3] refresh database 2025-02-24 07:00:01
 1 file changed, 4 insertions(+)
To github.com:haoheliu/ai-paper-digest.git
   1c57b9a..da491a3  master -> master
